[CoT] Initializing AetherShelf Agent Internal Reasoning
[CoT] Starting Flux Engine to monitor physical layer (pantry_ledger.yaml)
[CoT] Triggering EmailParser.skill to process cyber layer inputs (receipts)
[CoT] EmailParser output:

[CoT] Waiting for Flux Engine to react to ledger changes...
[CoT] No actionable trigger from Flux Engine.
[CoT] Shutting down internal reasoning.
2026-05-04 10:00:42,787 [OpenClaw] ╔══════════════════════════════════════════════════════╗
2026-05-04 10:00:42,789 [OpenClaw] ║  AetherShelf Sentinel — OpenClaw Action-Obs. Loop   ║
2026-05-04 10:00:42,790 [OpenClaw] ║  Monitoring: pantry_ledger.yaml  |  Node: Bengaluru  ║
2026-05-04 10:00:42,790 [OpenClaw] ╚══════════════════════════════════════════════════════╝
2026-05-04 10:00:42,792 [OpenClaw] [Observe #1] Ledger change detected. Loading snapshot...
2026-05-04 10:00:42,796 [OpenClaw] [Observe #1] 4 item(s) ingested from pantry_ledger.yaml
2026-05-04 10:00:42,796 [OpenClaw] [Reason] FluxAlgorithm.skill → calculating entropy for each item...
2026-05-04 10:00:42,797 [OpenClaw]   · apples                         qty=2    days_remaining=8
2026-05-04 10:00:42,798 [OpenClaw]   · Milk Blinkit                   qty=1    days_remaining=3
2026-05-04 10:00:42,799 [OpenClaw]   · Spinach Zepto                  qty=500  days_remaining=5
2026-05-04 10:00:42,799 [OpenClaw]   · Dry Bread GroceryHub           qty=2    days_remaining=30
2026-05-04 10:00:42,800 [OpenClaw] [Reason] Pantry Entropy Score = 11.50 days (avg freshness)
2026-05-04 10:00:42,800 [OpenClaw] [Action] LOW STOCK ADVISORY → Milk Blinkit (3d)
2026-05-04 10:00:42,801 [OpenClaw] [OpenClaw] Push dispatched → '⚠️ Low Stock Advisory' to 0 subscriber(s).
2026-05-04 10:00:42,802 [OpenClaw] [Reason] CollisionDetection.skill → scanning for buy-collision anomalies...
2026-05-04 10:00:42,802 [OpenClaw] [Reason] UtilityGapFinder.skill → scanning for recipe-unlock opportunities...
2026-05-04 10:00:42,803 [OpenClaw]   [UtilityGapFinder] Spinach detected → cream + garlic unlock 'Creamed Spinach' recipe
2026-05-04 10:00:42,803 [OpenClaw]   [UtilityGapFinder] Milk + Bread → French Toast recipe opportunity detected
2026-05-04 10:00:42,804 [OpenClaw] [Cycle #1] Complete. Next observation on file change.
2026-05-04 10:00:42,804 [OpenClaw] ────────────────────────────────────────────────────────────
2026-05-04 10:00:42,894 [OpenClaw] 🚀 AetherShelf Sentinel starting on http://0.0.0.0:8000
2026-05-04 10:00:42,895 [OpenClaw]    VAPID configured: ✅ Yes
2026-05-04 10:00:43,076 [OpenClaw] ╔══════════════════════════════════════════════════════╗
2026-05-04 10:00:43,087 [OpenClaw] ║  AetherShelf Sentinel — OpenClaw Action-Obs. Loop   ║
2026-05-04 10:00:43,087 [OpenClaw] ║  Monitoring: pantry_ledger.yaml  |  Node: Bengaluru  ║
2026-05-04 10:00:43,088 [OpenClaw] ╚══════════════════════════════════════════════════════╝
2026-05-04 10:00:43,089 [OpenClaw] [Observe #1] Ledger change detected. Loading snapshot...
2026-05-04 10:00:43,092 [OpenClaw] [Observe #1] 4 item(s) ingested from pantry_ledger.yaml
2026-05-04 10:00:43,093 [OpenClaw] [Reason] FluxAlgorithm.skill → calculating entropy for each item...
2026-05-04 10:00:43,093 [OpenClaw]   · apples                         qty=2    days_remaining=8
2026-05-04 10:00:43,094 [OpenClaw]   · Milk Blinkit                   qty=1    days_remaining=3
2026-05-04 10:00:43,094 [OpenClaw]   · Spinach Zepto                  qty=500  days_remaining=5
2026-05-04 10:00:43,095 [OpenClaw]   · Dry Bread GroceryHub           qty=2    days_remaining=30
2026-05-04 10:00:43,095 [OpenClaw] [Reason] Pantry Entropy Score = 11.50 days (avg freshness)
2026-05-04 10:00:43,096 [OpenClaw] [Action] LOW STOCK ADVISORY → Milk Blinkit (3d)
2026-05-04 10:00:43,096 [OpenClaw] [OpenClaw] Push dispatched → '⚠️ Low Stock Advisory' to 0 subscriber(s).
2026-05-04 10:00:43,097 [OpenClaw] [Reason] CollisionDetection.skill → scanning for buy-collision anomalies...
2026-05-04 10:00:43,097 [OpenClaw] [Reason] UtilityGapFinder.skill → scanning for recipe-unlock opportunities...
2026-05-04 10:00:43,098 [OpenClaw]   [UtilityGapFinder] Spinach detected → cream + garlic unlock 'Creamed Spinach' recipe
2026-05-04 10:00:43,098 [OpenClaw]   [UtilityGapFinder] Milk + Bread → French Toast recipe opportunity detected
2026-05-04 10:00:43,098 [OpenClaw] [Cycle #1] Complete. Next observation on file change.
2026-05-04 10:00:43,099 [OpenClaw] ────────────────────────────────────────────────────────────
2026-05-04 10:07:39,781 [OpenClaw] ╔══════════════════════════════════════════════════════╗
2026-05-04 10:07:39,839 [OpenClaw] ║  AetherShelf Sentinel — OpenClaw Action-Obs. Loop   ║
2026-05-04 10:07:39,843 [OpenClaw] ║  Monitoring: pantry_ledger.yaml  |  Node: Bengaluru  ║
2026-05-04 10:07:39,847 [OpenClaw] ╚══════════════════════════════════════════════════════╝
2026-05-04 10:07:39,858 [OpenClaw] [Observe #1] Ledger change detected. Loading snapshot...
2026-05-04 10:07:39,862 [OpenClaw] [Observe #1] 4 item(s) ingested from pantry_ledger.yaml
2026-05-04 10:07:39,862 [OpenClaw] [Reason] FluxAlgorithm.skill → calculating entropy for each item...
2026-05-04 10:07:39,865 [OpenClaw]   · apples                         qty=2    days_remaining=8
2026-05-04 10:07:39,865 [OpenClaw]   · Milk Blinkit                   qty=1    days_remaining=3
2026-05-04 10:07:39,865 [OpenClaw]   · Spinach Zepto                  qty=500  days_remaining=5
2026-05-04 10:07:39,866 [OpenClaw]   · Dry Bread GroceryHub           qty=2    days_remaining=30
2026-05-04 10:07:39,868 [OpenClaw] [Reason] Pantry Entropy Score = 11.50 days (avg freshness)
2026-05-04 10:07:39,868 [OpenClaw] [Action] LOW STOCK ADVISORY → Milk Blinkit (3d)
2026-05-04 10:07:39,880 [OpenClaw] 🚀 AetherShelf Sentinel starting on http://0.0.0.0:8000
2026-05-04 10:07:39,881 [OpenClaw] [OpenClaw] Push dispatched → '⚠️ Low Stock Advisory' to 0 subscriber(s).
2026-05-04 10:07:39,884 [OpenClaw]    VAPID configured: ✅ Yes
2026-05-04 10:07:39,887 [OpenClaw] [Reason] CollisionDetection.skill → scanning for buy-collision anomalies...
2026-05-04 10:07:39,888 [OpenClaw]    OpenClaw Brain thread: ✅ Running
2026-05-04 10:07:39,890 [OpenClaw] [Reason] UtilityGapFinder.skill → scanning for recipe-unlock opportunities...
2026-05-04 10:07:39,893 [OpenClaw]   [UtilityGapFinder] Spinach detected → cream + garlic unlock 'Creamed Spinach' recipe
2026-05-04 10:07:39,896 [OpenClaw]   [UtilityGapFinder] Milk + Bread → French Toast recipe opportunity detected
2026-05-04 10:07:39,899 [OpenClaw] [Cycle #1] Complete. Next observation on file change.
2026-05-04 10:07:39,900 [OpenClaw] ────────────────────────────────────────────────────────────
2026-05-04 10:10:33,051 [OpenClaw] ╔══════════════════════════════════════════════════════╗
2026-05-04 10:10:33,053 [OpenClaw] ║  AetherShelf Sentinel — OpenClaw Action-Obs. Loop   ║
2026-05-04 10:10:33,053 [OpenClaw] ║  Monitoring: pantry_ledger.yaml  |  Node: Bengaluru  ║
2026-05-04 10:10:33,054 [OpenClaw] ╚══════════════════════════════════════════════════════╝
2026-05-04 10:10:33,054 [OpenClaw] [Observe #1] Ledger change detected. Loading snapshot...
2026-05-04 10:10:33,058 [OpenClaw] [Observe #1] 4 item(s) ingested from pantry_ledger.yaml
2026-05-04 10:10:33,058 [OpenClaw] [Reason] FluxAlgorithm.skill → calculating entropy for each item...
2026-05-04 10:10:33,058 [OpenClaw]   · apples                         qty=2    days_remaining=8
2026-05-04 10:10:33,059 [OpenClaw]   · Milk Blinkit                   qty=1    days_remaining=3
2026-05-04 10:10:33,059 [OpenClaw]   · Spinach Zepto                  qty=500  days_remaining=5
2026-05-04 10:10:33,060 [OpenClaw]   · Dry Bread GroceryHub           qty=2    days_remaining=30
2026-05-04 10:10:33,060 [OpenClaw] [Reason] Pantry Entropy Score = 11.50 days (avg freshness)
2026-05-04 10:10:33,061 [OpenClaw] [Action] LOW STOCK ADVISORY → Milk Blinkit (3d)
2026-05-04 10:10:33,061 [OpenClaw] [OpenClaw] Push dispatched → '⚠️ Low Stock Advisory' to 0 subscriber(s).
2026-05-04 10:10:33,061 [OpenClaw] [Reason] CollisionDetection.skill → scanning for buy-collision anomalies...
2026-05-04 10:10:33,061 [OpenClaw] [Reason] UtilityGapFinder.skill → scanning for recipe-unlock opportunities...
2026-05-04 10:10:33,062 [OpenClaw]   [UtilityGapFinder] Spinach detected → cream + garlic unlock 'Creamed Spinach' recipe
2026-05-04 10:10:33,063 [OpenClaw]   [UtilityGapFinder] Milk + Bread → French Toast recipe opportunity detected
2026-05-04 10:10:33,063 [OpenClaw] [Cycle #1] Complete. Next observation on file change.
2026-05-04 10:10:33,063 [OpenClaw] ────────────────────────────────────────────────────────────
2026-05-04 10:10:33,139 [OpenClaw] 🚀 AetherShelf Sentinel starting on http://0.0.0.0:8000
2026-05-04 10:10:33,139 [OpenClaw]    VAPID configured: ✅ Yes
2026-05-04 10:10:33,139 [OpenClaw]    OpenClaw Brain thread: ✅ Running
